$ node trt15_v1.1.js 
### Início da pesquisa automatizada ###

Browser - OK
Nova aba - OK
Site do TRT15 - OK
Campo 'Trecho exato' = ato discriminatório - OK
Resolvendo Captcha, aguarde...
Captcha - OK
Botão 'Pesquisar' - OK
Resultados da página 1 - OK
Resultados da página 2 - OK
Resultados da página 3 - OK
Resultados da página 4 - OK
Resultados da página 5 - OK
Resultados da página 6 - OK
Resultados da página 7 - OK
Resultados da página 8 - OK
Resultados da página 9 - OK
Resultados da página 10 - OK
Resultados da página 11 - OK
Resultados da página 12 - OK
Resultados da página 13 - OK
Resultados da página 14 - OK
Resultados da página 15 - OK
Resultados da página 16 - OK
Resultados da página 17 - OK
Resultados da página 18 - OK
Resultados da página 19 - OK
Resultados da página 20 - OK
Resultados da página 21 - OK
Resultados da página 22 - OK
Resultados da página 23 - OK
Resultados da página 24 - OK
Resultados da página 25 - OK
Resultados da página 26 - OK
Resultados da página 27 - OK
Resultados da página 28 - OK
Resultados da página 29 - OK
Resultados da página 30 - OK
Resultados da página 31 - OK
Resultados da página 32 - OK
Resultados da página 33 - OK
Resultados da página 34 - OK
Resultados da página 35 - OK
Resultados da página 36 - OK
Resultados da página 37 - OK
Resultados da página 38 - OK
Resultados da página 39 - OK
Resultados da página 40 - OK
Resultados da página 41 - OK
Resultados da página 42 - OK
Resultados da página 43 - OK
Resultados da página 44 - OK
Resultados da página 45 - OK
Resultados da página 46 - OK
Resultados da página 47 - OK
Resultados da página 48 - OK
Resultados da página 49 - OK
Resultados da página 50 - OK
Resultados da página 51 - OK
Resultados da página 52 - OK
Resultados da página 53 - OK
Resultados da página 54 - OK
Resultados da página 55 - OK
Resultados da página 56 - OK
Resultados da página 57 - OK
Resultados da página 58 - OK
Resultados da página 59 - OK
Resultados da página 60 - OK
Resultados da página 61 - OK
Resultados da página 62 - OK
Resultados da página 63 - OK
Resultados da página 64 - OK
Resultados da página 65 - OK
Resultados da página 66 - OK
Resultados da página 67 - OK
Resultados da página 68 - OK
Resultados da página 69 - OK
Resultados da página 70 - OK
Resultados da página 71 - OK
Resultados da página 72 - OK
Resultados da página 73 - OK
Resultados da página 74 - OK
Resultados da página 75 - OK
Resultados da página 76 - OK
Resultados da página 77 - OK
Resultados da página 78 - OK
Resultados da página 79 - OK
Resultados da página 80 - OK
Resultados da página 81 - OK
Resultados da página 82 - OK
Resultados da página 83 - OK
Resultados da página 84 - OK
Resultados da página 85 - OK
Resultados da página 86 - OK
Resultados da página 87 - OK
Resultados da página 88 - OK
Resultados da página 89 - OK
Resultados da página 90 - OK
Resultados da página 91 - OK
Resultados da página 92 - OK
Resultados da página 93 - OK
Resultados da página 94 - OK
Resultados da página 95 - OK
Resultados da página 96 - OK
Resultados da página 97 - OK
Resultados da página 98 - OK
Resultados da página 99 - OK
Resultados da página 100 - OK
Salvando resultados em arquivo JSON...

### Fim da pesquisa automatizada ###